<?xml version="1.0" encoding="UTF-8"?>
<!-- Generated by org.testng.reporters.JUnitReportReporter -->
<testsuite skipped="0" hostname="JANANI" name="Maven_Testing.NewTest" tests="2" failures="0" timestamp="2023-03-07T20:40:23 IST" time="0.000" errors="0">
  <testcase name="f" time="0.000" classname="Maven_Testing.NewTest"/>
  <system-out/>
  <testcase name="f1" time="0.000" classname="Maven_Testing.NewTest"/>
  <system-out/>
</testsuite> <!-- Maven_Testing.NewTest -->
